<?xml version="1.0" encoding="UTF-8"?>
<!-- Generated by org.testng.reporters.JUnitReportReporter -->
<testsuite hostname="DESKTOP-U80E17V" failures="0" tests="2" name="com.bootcamp_part1_Medium_submission.TNHomePageTest" time="21.990" errors="0" timestamp="11 Jan 2024 01:59:00 GMT" skipped="0">
  <testcase classname="com.bootcamp_part1_Medium_submission.TNHomePageTest" name="homepageTest" time="3.627"/>
  <testcase classname="com.bootcamp_part1_Medium_submission.TNHomePageTest" name="navigateToHomePageAndVerifyElement" time="18.363"/>
</testsuite> <!-- com.bootcamp_part1_Medium_submission.TNHomePageTest -->
