<?xml version="1.0" encoding="UTF-8"?>
<!-- Generated by org.testng.reporters.JUnitReportReporter -->
<testsuite hostname="DESKTOP-U80E17V" failures="0" tests="1" name="com.bootcamp_part1_Medium_submission.CheckoutPageTest" time="8.236" errors="0" timestamp="11 Jan 2024 01:59:00 GMT" skipped="0">
  <testcase classname="com.bootcamp_part1_Medium_submission.CheckoutPageTest" name="testAddProductToCartAndVerify" time="8.236"/>
</testsuite> <!-- com.bootcamp_part1_Medium_submission.CheckoutPageTest -->
